{"logTime": "0630/060417", "correlationVector":"VlyzLb4PgN9IemGIn6/CET.1","action":"SyncServerConnectionManagerRequest", "result":"SYNC_SERVER_OK", "context":{"environment":"Prod_SoutheastAsia_000j", "migrationStage":"MigrationComplete", "server":"GENERAL0300001N"}}
{"logTime": "0630/060417", "correlationVector":"StIJUZwzxOGg3vsVfSBbAQ","action":"SyncServerConnectionManagerRequest", "result":"SYNC_SERVER_OK", "context":{"environment":"", "migrationStage":"", "server":""}}
{"logTime": "0630/060417", "correlationVector":"VlyzLb4PgN9IemGIn6/CET","action":"Initial GetUpdates", "result":"", "context":Reason: NEW_CLIENT. cV=VlyzLb4PgN9IemGIn6/CET}
{"logTime": "0630/060417", "correlationVector":"VlyzLb4PgN9IemGIn6/CET.2","action":"GetUpdates Response", "result":"Success", "context":Received 1 update(s). cV=VlyzLb4PgN9IemGIn6/CET.0;server=GENERAL0300001N;cloudType=Consumer;environment=Prod_SoutheastAsia_000j;migrationStage=MigrationComplete}
{"logTime": "0630/060417", "correlationVector":"wRMqm2Y0Dc8ROU7px2Eelu","action":"Initial GetUpdates", "result":"", "context":Reason: NEW_CLIENT. cV=wRMqm2Y0Dc8ROU7px2Eelu}
{"logTime": "0630/060418", "correlationVector":"wRMqm2Y0Dc8ROU7px2Eelu.1","action":"SyncServerConnectionManagerRequest", "result":"SYNC_SERVER_OK", "context":{"environment":"Prod_SoutheastAsia_000j", "migrationStage":"MigrationComplete", "server":"GENERAL03000025"}}
{"logTime": "0630/060418", "correlationVector":"wRMqm2Y0Dc8ROU7px2Eelu.2","action":"GetUpdates Response", "result":"Success", "context":Received 73 update(s). cV=wRMqm2Y0Dc8ROU7px2Eelu.0;server=GENERAL03000025;cloudType=Consumer;environment=Prod_SoutheastAsia_000j;migrationStage=MigrationComplete}
{"logTime": "0630/060418", "correlationVector":"wrPxACCCxMF3ZdcEcmRXfN","action":"Initial GetUpdates", "result":"", "context":Reason: NEW_CLIENT. cV=wrPxACCCxMF3ZdcEcmRXfN}
{"logTime": "0630/060418", "correlationVector":"wrPxACCCxMF3ZdcEcmRXfN.1","action":"SyncServerConnectionManagerRequest", "result":"SYNC_SERVER_OK", "context":{"environment":"Prod_SoutheastAsia_000j", "migrationStage":"NotStarted", "server":"GENERAL03000022"}}
{"logTime": "0630/060418", "correlationVector":"wrPxACCCxMF3ZdcEcmRXfN.2","action":"GetUpdates Response", "result":"Success", "context":Received 12 update(s). cV=wrPxACCCxMF3ZdcEcmRXfN.0;server=GENERAL03000022;cloudType=Consumer;environment=Prod_SoutheastAsia_000j;migrationStage=NotStarted}
{"logTime": "0630/060418", "correlationVector":"m3fQGCum0PHFgXsYNAVOha","action":"Initial GetUpdates", "result":"", "context":Reason: NEW_CLIENT. cV=m3fQGCum0PHFgXsYNAVOha}
{"logTime": "0630/060418", "correlationVector":"m3fQGCum0PHFgXsYNAVOha.1","action":"SyncServerConnectionManagerRequest", "result":"SYNC_SERVER_OK", "context":{"environment":"Prod_SoutheastAsia_000j", "migrationStage":"MigrationComplete", "server":"GENERAL0300000A"}}
{"logTime": "0630/060418", "correlationVector":"m3fQGCum0PHFgXsYNAVOha.2","action":"GetUpdates Response", "result":"Success", "context":Received 24 update(s). cV=m3fQGCum0PHFgXsYNAVOha.0;server=GENERAL0300000A;cloudType=Consumer;environment=Prod_SoutheastAsia_000j;migrationStage=MigrationComplete}
{"logTime": "0630/060418", "correlationVector":"Illl0WQK/QYkdwofHjJXkN","action":"Normal GetUpdate request", "result":"", "context":cV=Illl0WQK/QYkdwofHjJXkN
Nudged types: Device Info, User Consents
Refresh requested types: Bookmarks, Preferences, Passwords, Autofill Profiles, Autofill, Extensions, Extension settings, Device Info, User Consents, Send Tab To Self, Web Apps, Collection, Edge E Drop, Edge Hub App Usage, Edge Wallet, Encryption Keys}
{"logTime": "0630/060418", "correlationVector":"Illl0WQK/QYkdwofHjJXkN.1","action":"SyncServerConnectionManagerRequest", "result":"SYNC_SERVER_OK", "context":{"environment":"Prod_SoutheastAsia_000j", "migrationStage":"MigrationComplete", "server":"GENERAL03000018"}}
{"logTime": "0630/060418", "correlationVector":"Illl0WQK/QYkdwofHjJXkN.2","action":"GetUpdates Response", "result":"Success", "context":Received 0 update(s). cV=Illl0WQK/QYkdwofHjJXkN.0;server=GENERAL03000018;cloudType=Consumer;environment=Prod_SoutheastAsia_000j;migrationStage=MigrationComplete}
{"logTime": "0630/060418", "correlationVector":"TiSQlRUSrVO+aW8ORiqjrE","action":"Commit Request", "result":"", "context":Item count: 2
Contributing types: Device Info, User Consents}
{"logTime": "0630/060418", "correlationVector":"TiSQlRUSrVO+aW8ORiqjrE.1","action":"SyncServerConnectionManagerRequest", "result":"SYNC_SERVER_OK", "context":{"environment":"Prod_SoutheastAsia_000j", "migrationStage":"MigrationComplete", "server":"GENERAL0300000S"}}
{"logTime": "0630/060418", "correlationVector":"TiSQlRUSrVO+aW8ORiqjrE.2","action":"Commit Response", "result":"Success", "context":Result: Success. cV=TiSQlRUSrVO+aW8ORiqjrE.0;server=GENERAL0300000S;cloudType=Consumer;environment=Prod_SoutheastAsia_000j;migrationStage=MigrationComplete}
{"logTime": "0630/060418", "correlationVector":"/N3Eykgj46l7F2F9K7jrzO","action":"Normal GetUpdate request", "result":"", "context":cV=/N3Eykgj46l7F2F9K7jrzO
Nudged types: Device Info}
{"logTime": "0630/060419", "correlationVector":"/N3Eykgj46l7F2F9K7jrzO.1","action":"SyncServerConnectionManagerRequest", "result":"SYNC_SERVER_OK", "context":{"environment":"Prod_SoutheastAsia_000j", "migrationStage":"MigrationComplete", "server":"GENERAL0300001D"}}
{"logTime": "0630/060419", "correlationVector":"/N3Eykgj46l7F2F9K7jrzO.2","action":"GetUpdates Response", "result":"Success", "context":Received 1 update(s). cV=/N3Eykgj46l7F2F9K7jrzO.0;server=GENERAL0300001D;cloudType=Consumer;environment=Prod_SoutheastAsia_000j;migrationStage=MigrationComplete}
{"logTime": "0630/060429", "correlationVector":"xBIhchnxWVoOnPUtxmRWrw","action":"Normal GetUpdate request", "result":"", "context":cV=xBIhchnxWVoOnPUtxmRWrw
Nudged types: Preferences}
{"logTime": "0630/060429", "correlationVector":"xBIhchnxWVoOnPUtxmRWrw.1","action":"SyncServerConnectionManagerRequest", "result":"SYNC_SERVER_OK", "context":{"environment":"Prod_SoutheastAsia_000j", "migrationStage":"MigrationComplete", "server":"GENERAL0300001D"}}
{"logTime": "0630/060429", "correlationVector":"xBIhchnxWVoOnPUtxmRWrw.2","action":"GetUpdates Response", "result":"Success", "context":Received 0 update(s). cV=xBIhchnxWVoOnPUtxmRWrw.0;server=GENERAL0300001D;cloudType=Consumer;environment=Prod_SoutheastAsia_000j;migrationStage=MigrationComplete}
{"logTime": "0630/060429", "correlationVector":"A7r9Dpa3Q8BiwOD/xNa8oo","action":"Commit Request", "result":"", "context":Item count: 2
Contributing types: Preferences}
{"logTime": "0630/060430", "correlationVector":"A7r9Dpa3Q8BiwOD/xNa8oo.1","action":"SyncServerConnectionManagerRequest", "result":"SYNC_SERVER_OK", "context":{"environment":"Prod_SoutheastAsia_000j", "migrationStage":"MigrationComplete", "server":"GENERAL0100001L"}}
{"logTime": "0630/060430", "correlationVector":"A7r9Dpa3Q8BiwOD/xNa8oo.2","action":"Commit Response", "result":"Success", "context":Result: Success. cV=A7r9Dpa3Q8BiwOD/xNa8oo.0;server=GENERAL0100001L;cloudType=Consumer;environment=Prod_SoutheastAsia_000j;migrationStage=MigrationComplete}
